{"/Users/maja/projects/react-hooks-test-package/src/stateHooks.js": {"path":"/Users/maja/projects/react-hooks-test-package/src/stateHooks.js","statementMap":{"0":{"start":{"line":1,"column":21},"end":{"line":1,"column":37}},"1":{"start":{"line":4,"column":30},"end":{"line":4,"column":54}},"2":{"start":{"line":7,"column":4},"end":{"line":7,"column":20}},"3":{"start":{"line":11,"column":4},"end":{"line":11,"column":21}},"4":{"start":{"line":15,"column":4},"end":{"line":15,"column":23}},"5":{"start":{"line":18,"column":2},"end":{"line":23,"column":3}},"6":{"start":{"line":26,"column":0},"end":{"line":28,"column":1}}},"fnMap":{"0":{"name":"useOpen","decl":{"start":{"line":3,"column":9},"end":{"line":3,"column":16}},"loc":{"start":{"line":3,"column":39},"end":{"line":24,"column":1}},"line":3},"1":{"name":"setOpen","decl":{"start":{"line":6,"column":11},"end":{"line":6,"column":18}},"loc":{"start":{"line":6,"column":21},"end":{"line":8,"column":3}},"line":6},"2":{"name":"setClose","decl":{"start":{"line":10,"column":11},"end":{"line":10,"column":19}},"loc":{"start":{"line":10,"column":22},"end":{"line":12,"column":3}},"line":10},"3":{"name":"toggleOpen","decl":{"start":{"line":14,"column":11},"end":{"line":14,"column":21}},"loc":{"start":{"line":14,"column":24},"end":{"line":16,"column":3}},"line":14}},"branchMap":{"0":{"loc":{"start":{"line":3,"column":17},"end":{"line":3,"column":37}},"type":"default-arg","locations":[{"start":{"line":3,"column":32},"end":{"line":3,"column":37}}],"line":3}},"s":{"0":1,"1":13,"2":1,"3":1,"4":2,"5":13,"6":1},"f":{"0":13,"1":1,"2":1,"3":2},"b":{"0":[6]},"_coverageSchema":"1a1c01bbd47fc00a2c39e90264f33305004495a9","hash":"3094f93551f7c3c9a632c6285b8c415b56c19d4f"}
}
